2024-02-23 11:00:16,316 - basicLogger - INFO - Retrieving add_new_product at index: 1 
2024-02-23 11:00:17,539 - basicLogger - ERROR - Could not find BP at index 1
2024-02-23 11:00:34,367 - basicLogger - INFO - Retrieving add_new_product at index: 1 
2024-02-23 11:00:35,585 - basicLogger - ERROR - Could not find BP at index 1
2024-02-23 11:12:52,882 - basicLogger - INFO - Retrieving get product at index: 1 
2024-02-23 11:14:13,000 - basicLogger - INFO - Retrieving get product at index: 1 
2024-02-23 11:16:50,479 - basicLogger - INFO - Retrieving get product at index: 1 
2024-02-23 11:17:07,661 - basicLogger - INFO - Retrieving get product at index: 1 
2024-02-23 11:19:11,601 - basicLogger - INFO - Retrieving get product at index: 1 
2024-02-23 11:21:18,227 - basicLogger - INFO - Retrieving get product at index: 1 
2024-02-23 11:21:19,231 - basicLogger - ERROR - Could not find get product at index 1
2024-02-23 11:21:34,719 - basicLogger - INFO - Retrieving get product at index: 1 
2024-02-23 11:21:43,006 - basicLogger - INFO - Retrieving get product at index: 3 
2024-02-23 11:21:50,159 - basicLogger - INFO - Retrieving get product at index: 5 
2024-02-23 11:22:08,020 - basicLogger - INFO - Retrieving get product at index: 1000 
2024-02-23 11:22:10,303 - basicLogger - ERROR - Could not find get product at index 1000
2024-02-23 13:36:22,043 - basicLogger - INFO - Retrieving get product at index: 0 
2024-02-23 13:36:32,295 - basicLogger - INFO - Retrieving get product at index: 300 
2024-02-23 13:36:42,732 - basicLogger - INFO - Retrieving get product at index: 301 
2024-02-23 13:38:09,345 - basicLogger - INFO - Retrieving get product at index: 600 
2024-02-23 13:38:10,489 - basicLogger - ERROR - Could not find get product at index 600
2024-02-23 13:38:18,081 - basicLogger - INFO - Retrieving get product at index: 599 
2024-02-23 13:38:43,972 - basicLogger - INFO - Retrieving get product at index: 1 
2024-02-23 13:57:26,869 - basicLogger - INFO - Retrieving get product at index: 1 
2024-02-23 13:57:27,993 - basicLogger - ERROR - Could not find get product at index 1
2024-02-23 14:00:12,979 - basicLogger - INFO - Retrieving get product at index: 1 
2024-02-23 14:00:14,113 - basicLogger - ERROR - Could not find get product at index 1
2024-02-23 14:00:31,751 - basicLogger - INFO - Retrieving get product at index: 1 
2024-02-23 14:00:32,898 - basicLogger - ERROR - Could not find get product at index 1
2024-02-23 14:24:45,380 - basicLogger - INFO - Retrieving get product at index: 1 
2024-02-23 14:24:46,770 - basicLogger - ERROR - Could not find get product at index 1
2024-02-23 14:25:10,621 - basicLogger - INFO - Retrieving get product at index: 1 
2024-02-23 14:25:13,865 - basicLogger - ERROR - Could not find get product at index 1
2024-02-23 14:27:25,226 - basicLogger - INFO - Retrieving get product at index: 0 
2024-02-23 14:27:26,694 - basicLogger - ERROR - Could not find get product at index 0
2024-02-23 14:28:25,760 - basicLogger - INFO - Retrieving get product at index: 0 
2024-02-23 14:28:26,914 - basicLogger - ERROR - Could not find get product at index 0
2024-02-23 14:29:09,210 - basicLogger - INFO - Retrieving get review at index: 0 
2024-02-23 14:29:10,367 - basicLogger - ERROR - Could not find get review at index 0
2024-02-23 14:29:47,518 - basicLogger - INFO - Retrieving get review at index: 0 
2024-02-23 14:29:55,826 - basicLogger - INFO - Retrieving get review at index: 300 
2024-02-23 14:29:56,986 - basicLogger - ERROR - Could not find get review at index 300
2024-02-23 14:30:01,008 - basicLogger - INFO - Retrieving get review at index: 299 
2024-02-23 14:35:31,772 - basicLogger - INFO - Retrieving get review at index: 299 
2024-02-23 14:35:32,778 - basicLogger - ERROR - Could not find get review at index 299
2024-02-23 14:35:48,932 - basicLogger - INFO - Retrieving get review at index: 299 
2024-02-23 14:35:50,199 - basicLogger - ERROR - Could not find get review at index 299
2024-02-23 14:35:56,684 - basicLogger - INFO - Retrieving get review at index: 1 
2024-02-23 15:23:50,358 - basicLogger - INFO - Retrieving get review at index: 1 
2024-02-23 15:27:03,384 - basicLogger - INFO - Retrieving get review at index: 1 
2024-02-23 15:27:06,623 - basicLogger - INFO - Retrieving get review at index: 300 
2024-02-23 15:27:07,724 - basicLogger - ERROR - Could not find get review at index 300
2024-02-23 15:27:43,594 - basicLogger - INFO - Retrieving get product at index: 1 
2024-02-23 15:27:57,775 - basicLogger - INFO - Retrieving get review at index: 300 
2024-02-23 15:27:58,880 - basicLogger - ERROR - Could not find get review at index 300
2024-02-23 15:28:02,603 - basicLogger - INFO - Retrieving get product at index: 1 
2024-02-28 15:55:18,946 - basicLogger - INFO - Retrieving get product at index: 1 
2024-02-28 15:55:19,976 - basicLogger - ERROR - Could not find get product at index 1
2024-02-28 15:55:22,672 - basicLogger - INFO - Retrieving get review at index: 1 
2024-02-28 15:55:23,699 - basicLogger - ERROR - Could not find get review at index 1
2024-02-28 16:01:51,062 - basicLogger - INFO - Retrieving get product at index: 1 
2024-02-28 16:01:52,088 - basicLogger - ERROR - Could not find get product at index 1
2024-02-28 16:01:55,752 - basicLogger - INFO - Retrieving get review at index: 1 
2024-02-28 16:01:56,786 - basicLogger - ERROR - Could not find get review at index 1
2024-02-28 16:02:02,760 - basicLogger - INFO - Retrieving get product at index: 1 
2024-02-28 16:02:07,103 - basicLogger - INFO - Retrieving get product at index: 2 
2024-02-28 16:02:08,138 - basicLogger - ERROR - Could not find get product at index 2
2024-02-28 16:02:10,995 - basicLogger - INFO - Retrieving get product at index: 1 
2024-02-28 16:02:16,153 - basicLogger - INFO - Retrieving get product at index: 0 
2024-02-28 16:02:33,494 - basicLogger - INFO - Retrieving get product at index: 300 
2024-02-28 16:02:34,523 - basicLogger - ERROR - Could not find get product at index 300
2024-02-28 16:02:42,498 - basicLogger - INFO - Retrieving get product at index: 1 
2024-02-28 16:02:47,127 - basicLogger - INFO - Retrieving get product at index: 2 
2024-02-28 16:02:48,150 - basicLogger - ERROR - Could not find get product at index 2
2024-02-28 16:02:51,884 - basicLogger - INFO - Retrieving get product at index: 1 
2024-02-28 16:04:05,601 - basicLogger - INFO - Retrieving get product at index: 1 
2024-02-28 16:23:06,185 - basicLogger - INFO - Retrieving get product at index: 1 
2024-02-28 16:23:07,189 - basicLogger - ERROR - Could not find get product at index 1
2024-02-28 16:23:16,904 - basicLogger - INFO - Retrieving get product at index: 1 
2024-02-28 16:23:17,908 - basicLogger - ERROR - Could not find get product at index 1
2024-02-28 16:24:37,855 - basicLogger - INFO - Retrieving get product at index: 1 
2024-02-28 16:24:38,861 - basicLogger - ERROR - Could not find get product at index 1
2024-02-28 16:24:41,013 - basicLogger - INFO - Retrieving get review at index: 1 
2024-02-28 16:24:42,017 - basicLogger - ERROR - Could not find get review at index 1
2024-02-28 16:26:22,171 - basicLogger - INFO - Retrieving get product at index: 902 
2024-02-28 16:26:23,177 - basicLogger - ERROR - Could not find get product at index 902
2024-02-28 16:26:27,200 - basicLogger - INFO - Retrieving get product at index: 1 
2024-02-28 16:26:28,202 - basicLogger - ERROR - Could not find get product at index 1
2024-02-28 16:27:22,354 - basicLogger - INFO - Retrieving get product at index: 1 
2024-02-28 16:27:23,360 - basicLogger - ERROR - Could not find get product at index 1
2024-02-28 16:38:42,586 - basicLogger - INFO - Retrieving get product at index: 1 
2024-02-28 16:38:45,585 - basicLogger - INFO - Retrieving get product at index: 902 
2024-02-28 16:38:46,727 - basicLogger - ERROR - Could not find get product at index 902
2024-02-28 16:38:53,396 - basicLogger - INFO - Retrieving get review at index: 1 
2024-02-28 16:39:02,784 - basicLogger - INFO - Retrieving get review at index: 300 
2024-02-28 16:39:03,938 - basicLogger - ERROR - Could not find get review at index 300
2024-02-28 16:39:08,211 - basicLogger - INFO - Retrieving get review at index: 299 
2024-02-28 16:57:11,921 - basicLogger - INFO - Retrieving get review at index: 1 
2024-02-28 16:57:12,923 - basicLogger - ERROR - Could not find get review at index 1
2024-02-28 16:57:16,099 - basicLogger - INFO - Retrieving get product at index: 1 
2024-02-28 16:57:17,101 - basicLogger - ERROR - Could not find get product at index 1
2024-02-28 17:11:35,913 - basicLogger - INFO - Retrieving get product at index: 0 
2024-02-28 17:13:29,113 - basicLogger - INFO - Retrieving get product at index: 902 
2024-02-28 17:13:30,508 - basicLogger - ERROR - Could not find get product at index 902
2024-02-28 17:13:35,387 - basicLogger - INFO - Retrieving get product at index: 300 
2024-02-28 17:13:36,495 - basicLogger - ERROR - Could not find get product at index 300
2024-02-28 17:13:40,730 - basicLogger - INFO - Retrieving get product at index: 5 
2024-02-28 17:13:45,929 - basicLogger - INFO - Retrieving get product at index: 30 
2024-02-28 17:13:49,447 - basicLogger - INFO - Retrieving get product at index: 1 
2024-02-28 17:13:54,598 - basicLogger - INFO - Retrieving get review at index: 30 
2024-02-28 17:24:23,329 - basicLogger - INFO - Retrieving get product at index: 1 
2024-02-28 17:24:35,424 - basicLogger - INFO - Retrieving get product at index: 300 
2024-02-28 17:24:39,110 - basicLogger - INFO - Retrieving get review at index: 300 
2024-02-28 17:25:39,391 - basicLogger - INFO - Retrieving get product at index: 1 
2024-02-28 17:25:46,751 - basicLogger - INFO - Retrieving get product at index: 1 
2024-02-28 17:25:49,891 - basicLogger - INFO - Retrieving get review at index: 1 
2024-02-28 17:26:14,212 - basicLogger - INFO - Retrieving get product at index: 300 
2024-02-28 17:28:14,502 - basicLogger - INFO - Retrieving get product at index: 1 
2024-02-28 17:28:15,507 - basicLogger - ERROR - Could not find get product at index 1
2024-02-29 18:00:03,642 - basicLogger - INFO - Retrieving get product at index: 1 
2024-02-29 18:00:07,251 - basicLogger - INFO - Retrieving get product at index: 300 
2024-02-29 18:00:08,341 - basicLogger - ERROR - Could not find get product at index 300
2024-02-29 18:04:04,935 - basicLogger - INFO - Retrieving get product at index: 300 
2024-02-29 18:04:06,066 - basicLogger - ERROR - Could not find get product at index 300
2024-02-29 18:04:08,951 - basicLogger - INFO - Retrieving get product at index: 1 
2024-02-29 18:04:14,221 - basicLogger - INFO - Retrieving get product at index: 299 
2024-02-29 18:04:18,010 - basicLogger - INFO - Retrieving get product at index: 300 
2024-02-29 18:04:19,188 - basicLogger - ERROR - Could not find get product at index 300
2024-03-05 11:37:04,967 - basicLogger - INFO - Retrieving get product at index: 1 
2024-03-05 11:37:08,312 - basicLogger - INFO - Retrieving get product at index: 300 
2024-03-05 11:37:09,464 - basicLogger - ERROR - Could not find get product at index 300
2024-03-05 11:37:26,370 - basicLogger - INFO - Retrieving get review at index: 1 
2024-03-05 11:37:32,285 - basicLogger - INFO - Retrieving get review at index: 300 
2024-03-05 11:37:33,438 - basicLogger - ERROR - Could not find get review at index 300
2024-03-05 11:37:41,594 - basicLogger - INFO - Retrieving get review at index: 299 
2024-03-05 11:37:47,310 - basicLogger - INFO - Retrieving get review at index: 300 
2024-03-05 11:37:48,453 - basicLogger - ERROR - Could not find get review at index 300
2024-03-05 11:45:42,410 - basicLogger - INFO - Retrieving get product at index: 1 
2024-03-05 11:45:47,750 - basicLogger - INFO - Retrieving get product at index: 299 
2024-03-05 11:45:52,213 - basicLogger - INFO - Retrieving get product at index: 300 
2024-03-05 11:45:53,345 - basicLogger - ERROR - Could not find get product at index 300
2024-03-05 11:45:56,748 - basicLogger - INFO - Retrieving get review at index: 1 
2024-03-05 11:45:59,068 - basicLogger - INFO - Retrieving get review at index: 300 
2024-03-05 11:46:00,230 - basicLogger - ERROR - Could not find get review at index 300
2024-03-19 22:30:34,946 - basicLogger - INFO - Retrieving get review at index: 1 
