2024-03-18 09:48:12,610 INFO o.a.j.u.JMeterUtils: Setting Locale to en_EN
2024-03-18 09:48:12,624 INFO o.a.j.JMeter: Loading user properties from: /opt/homebrew/Cellar/jmeter/5.6.3/libexec/bin/user.properties
2024-03-18 09:48:12,624 INFO o.a.j.JMeter: Loading system properties from: /opt/homebrew/Cellar/jmeter/5.6.3/libexec/bin/system.properties
2024-03-18 09:48:12,628 INFO o.a.j.JMeter: Copyright (c) 1998-2024 The Apache Software Foundation
2024-03-18 09:48:12,628 INFO o.a.j.JMeter: Version 5.6.3
2024-03-18 09:48:12,628 INFO o.a.j.JMeter: java.version=21.0.1
2024-03-18 09:48:12,628 INFO o.a.j.JMeter: java.vm.name=OpenJDK 64-Bit Server VM
2024-03-18 09:48:12,628 INFO o.a.j.JMeter: os.name=Mac OS X
2024-03-18 09:48:12,628 INFO o.a.j.JMeter: os.arch=aarch64
2024-03-18 09:48:12,628 INFO o.a.j.JMeter: os.version=14.2
2024-03-18 09:48:12,628 INFO o.a.j.JMeter: file.encoding=UTF-8
2024-03-18 09:48:12,628 INFO o.a.j.JMeter: java.awt.headless=null
2024-03-18 09:48:12,628 INFO o.a.j.JMeter: Max memory     =1073741824
2024-03-18 09:48:12,628 INFO o.a.j.JMeter: Available Processors =8
2024-03-18 09:48:12,635 INFO o.a.j.JMeter: Default Locale=English (EN)
2024-03-18 09:48:12,636 INFO o.a.j.JMeter: JMeter  Locale=English (EN)
2024-03-18 09:48:12,636 INFO o.a.j.JMeter: JMeterHome=/opt/homebrew/Cellar/jmeter/5.6.3/libexec
2024-03-18 09:48:12,636 INFO o.a.j.JMeter: user.dir  =/Users/doridori/Documents/GitHub/BESTIE-Commerce-API/Processing
2024-03-18 09:48:12,636 INFO o.a.j.JMeter: PWD       =/Users/doridori/Documents/GitHub/BESTIE-Commerce-API/Processing
2024-03-18 09:48:12,637 INFO o.a.j.JMeter: IP: 10.100.2.91 Name: Doris-MacBook-Air.local FullName: 10.100.2.91
2024-03-18 09:48:12,647 INFO o.a.j.JMeter: Loaded icon properties from org/apache/jmeter/images/icon.properties
2024-03-18 09:48:13,006 INFO o.a.j.JMeterGuiLauncher: Setting LAF to: com.github.weisj.darklaf.DarkLaf:com.github.weisj.darklaf.theme.DarculaTheme
2024-03-18 09:48:14,777 INFO o.a.j.r.ClassFinder: Will scan jar /opt/homebrew/Cellar/jmeter/5.6.3/libexec/lib/ext/jmeter-plugins-manager-1.9.jar with filter ExtendsClassFilter [parents=[interface org.apache.jmeter.gui.action.Command], inner=false, contains=null, notContains=null]. Consider exposing JMeter plugins via META-INF/services, and add JMeter-Skip-Class-Scanning=true manifest attribute so JMeter can skip classfile scanning
2024-03-18 09:48:14,862 INFO o.a.j.r.ClassFinder: Will scan jar /opt/homebrew/Cellar/jmeter/5.6.3/libexec/lib/ext/jmeter-plugins-manager-1.9.jar with filter ExtendsClassFilter [parents=[interface org.apache.jmeter.gui.plugin.MenuCreator], inner=false, contains=null, notContains=null]. Consider exposing JMeter plugins via META-INF/services, and add JMeter-Skip-Class-Scanning=true manifest attribute so JMeter can skip classfile scanning
2024-03-18 09:48:14,962 INFO o.j.r.JARSourceHTTP: Found cached repo
2024-03-18 09:48:15,089 INFO o.j.r.PluginManager: Plugins Status: [jpgc-plugins-manager=1.9, jmeter-core=5.6.3, jmeter-ftp=5.6.3, jmeter-http=5.6.3, jmeter-jdbc=5.6.3, jmeter-jms=5.6.3, jmeter-junit=5.6.3, jmeter-java=5.6.3, jmeter-ldap=5.6.3, jmeter-mail=5.6.3, jmeter-mongodb=5.6.3, jmeter-native=5.6.3, jmeter-tcp=5.6.3, jmeter-components=5.6.3]
2024-03-18 09:48:15,090 INFO o.j.r.PluginManagerMenuItem: Plugins Manager has upgrades: [jpgc-plugins-manager]
